20240921	16:31:21	695f8fb0-59f4-4a2a-984f-7e3af10d02f8	GET	/	undefined
20240921	16:46:35	82d4c3fc-de42-47b3-b743-78512f9ad967	GET	/	undefined
20240928	16:02:54	9c519bd0-a8c4-40f4-9069-0e1adefe95cb	GET	/	undefined
20240928	16:04:15	e291d545-6d1a-4920-9bfa-916c5b3f82f4	GET	/	undefined
20240928	16:05:00	57e6ce74-d5ff-4539-84a8-5d69c0594ef0	GET	/	undefined
20240928	20:42:12	e8220b5c-f355-4be7-a7f9-e1c465be533f	POST	/api/signup	undefined
20240928	20:42:28	0fe2d918-3818-4935-837b-ff734a10e54c	POST	/api	undefined
20240928	20:42:41	f657d95c-859c-4569-b90a-ec306e27220a	POST	/api/signup	undefined
20240928	20:42:47	339569d9-c3c4-4e92-bec5-16628621b5ec	GET	/api/signup	undefined
20240928	20:43:55	22815f12-6197-4d3f-8890-6a61721fce99	POST	/api/signup	undefined
20240928	20:46:06	33b417d0-a820-4f23-8606-6a9bd175bb42	POST	/api/signup	undefined
20240928	20:47:27	9c719342-08ed-41b0-a8dc-106854287887	POST	/api/signup	undefined
20240928	20:55:05	cb156d9a-ec7d-4ab6-a9a5-1ec127bd1b42	POST	/api/signup	undefined
20240928	20:58:23	a491ab2d-dda1-4741-846a-04ed7c444a46	POST	/api/signup	undefined
20240928	21:02:39	153e2aad-7f95-4b6d-a615-5b8a4022f10b	POST	/api/signup	undefined
20240928	21:03:58	3ea92284-124a-4d56-815f-b26afbecc125	POST	/api/signup	undefined
20240928	21:04:35	492d7376-04b5-4a58-a7d7-07ac4544cff5	POST	/api/signup	undefined
20240928	21:05:29	29984fe9-3324-46b3-bc92-cc7c3ce2babd	POST	/api/login	undefined
20240928	21:05:53	c315c73c-78c0-41be-a202-97221ef1d5dc	POST	/api/login	undefined
20240928	21:06:18	1feef320-e062-4331-a8e2-77f18aeef140	POST	/api/login	undefined
20240928	21:06:23	a01a133f-66f9-44ec-9d09-cdf562436740	POST	/api/login	undefined
20240928	21:06:33	0b79bd84-76be-4cef-b4c4-fe254f315e28	POST	/api/login	undefined
20240930	21:49:28	9dbf45c9-b182-49eb-aa73-a70ea8906baf	GET	/api/foodata	undefined
20240930	21:49:38	54a627e7-d773-4d19-b830-6a8cc6ac34df	POST	/api/foodata	undefined
20240930	21:50:10	2df2a01b-ee49-4254-aa14-13da3fbb4489	POST	/api/foodata	undefined
20240930	21:50:15	30e9138c-31d1-4a99-8814-3850da2da684	GET	/api/foodata	undefined
20240930	21:51:33	47d700bf-f18e-4734-8622-b9ecec1e081b	POST	/api/foodata	undefined
20240930	21:51:35	c95e0ddd-245c-44fa-93cc-11ac649d6a2c	POST	/api/foodata	undefined
20240930	21:53:23	215c8484-40b6-45f3-8027-56bf6516b328	POST	/api/foodata	undefined
20240930	21:54:09	5f7ec0ac-a7fc-4961-b172-a7cad9850fc2	POST	/api/foodata	undefined
20240930	21:57:47	1bf85a50-1472-4ae7-a70a-d61a3afd893d	OPTIONS	/api/foodata	http://localhost:3000
20240930	21:57:48	34ef8a8f-1265-499a-a4fc-fa107e249364	OPTIONS	/api/foodata	http://localhost:3000
20240930	21:57:48	771ddd98-f72f-4dd7-a694-3d6b5259f41c	POST	/api/foodata	http://localhost:3000
20240930	21:57:48	ee608523-0206-4afc-a914-b527aa38cebc	POST	/api/foodata	http://localhost:3000
20240930	21:58:33	38047d2e-1552-46bb-ac89-b568e65a065f	OPTIONS	/api/foodata	http://localhost:3000
20240930	21:58:33	1a234e60-cbdb-4e7b-a9c4-331bbbf69b89	POST	/api/foodata	http://localhost:3000
20240930	21:59:16	db6ae926-6997-4013-8cd8-7be5d987f35c	OPTIONS	/api/foodata	http://localhost:3000
20240930	21:59:16	a3401b63-d0f5-4c40-aa8b-66c9c46ce6d0	POST	/api/foodata	http://localhost:3000
20240930	21:59:19	f80d6686-f152-42d5-a01d-5e89a0b999ff	POST	/api/foodata	http://localhost:3000
20240930	21:59:19	1c35e353-f611-40f4-af60-bd4b87e5de7f	POST	/api/foodata	http://localhost:3000
20240930	22:04:09	d2151d16-79ed-495a-80a9-c66e5eefbfbf	OPTIONS	/api/foodata	http://localhost:3000
20240930	22:04:09	f6da674d-398d-46d8-bdbb-d7b16e413b3f	POST	/api/foodata	http://localhost:3000
20240930	22:05:02	5e315c71-ba6a-4827-8c3b-f005031df19c	OPTIONS	/api/foodata	http://localhost:3000
20240930	22:05:02	810bd786-e261-4af4-bb27-9a448642f6ed	OPTIONS	/api/foodata	http://localhost:3000
20240930	22:05:02	8900254b-a7d5-4b1c-9c9e-4d09ab2b60b0	POST	/api/foodata	http://localhost:3000
20240930	22:05:02	7c68cc45-31c7-4174-8d2b-a391d603b60c	POST	/api/foodata	http://localhost:3000
20240930	22:05:38	bb26beb2-1e44-4543-8c23-391c015d1367	OPTIONS	/api/foodata	http://localhost:3000
20240930	22:05:38	34e09a22-a7d4-4e55-8c36-28275e66a3c1	POST	/api/foodata	http://localhost:3000
20240930	22:05:43	12efb99e-1ca4-4bb2-ae5d-cccee2cbb4ec	OPTIONS	/api/foodata	http://localhost:3000
20240930	22:05:43	60cdf564-9a69-44b4-8467-c405cce5911c	OPTIONS	/api/foodata	http://localhost:3000
20240930	22:05:43	414e09e5-01d9-4b98-ba5d-593030879178	POST	/api/foodata	http://localhost:3000
20240930	22:05:43	741665d3-b6e1-4e2b-bc62-d77f66889f71	POST	/api/foodata	http://localhost:3000
20240930	22:06:07	4a22bdc2-163c-4233-8d9e-3092414d5aaa	OPTIONS	/api/foodata	http://localhost:3000
20240930	22:06:07	4432aca9-90bf-4f89-a267-92a1e0b6b001	OPTIONS	/api/foodata	http://localhost:3000
20240930	22:06:07	6c2deeb2-8f87-48f3-8e56-12e267c4dbdd	POST	/api/foodata	http://localhost:3000
20240930	22:06:07	8cacfd0d-0a11-4e07-b99e-fba81cc62f3b	POST	/api/foodata	http://localhost:3000
20240930	22:07:12	77a2bd3b-869d-4241-a409-a32608e36629	OPTIONS	/api/foodata	http://localhost:3000
20240930	22:07:12	28f302ec-7fcc-4c39-b960-13d0f9a8c620	OPTIONS	/api/foodata	http://localhost:3000
20240930	22:07:12	0346dd56-be25-4233-af22-d090ceb32d09	POST	/api/foodata	http://localhost:3000
20240930	22:07:12	113d7d4b-39dd-40aa-8365-a93eb66ab6f3	POST	/api/foodata	http://localhost:3000
20240930	22:10:40	7ba003aa-852c-44de-bc0f-d227a84bc53e	OPTIONS	/api/foodata	http://localhost:3000
20240930	22:10:40	dbb71869-d33e-4cb2-a4db-7265ee526f08	OPTIONS	/api/foodata	http://localhost:3000
20240930	22:10:40	367d02a2-02fb-4d1a-88c2-cada87939ff4	POST	/api/foodata	http://localhost:3000
20240930	22:10:40	9e5d40bb-cd37-4d0b-a2fa-91553ede3d13	POST	/api/foodata	http://localhost:3000
20240930	22:11:37	f69d45a4-7fab-4ac8-b437-c272ccdbff15	OPTIONS	/api/foodata	http://localhost:3000
20240930	22:11:37	1dd29da8-4094-4142-8acc-1c527b7afa4c	OPTIONS	/api/foodata	http://localhost:3000
20240930	22:11:37	64ba3c51-d9e7-44ce-ab97-fcf2593ea800	POST	/api/foodata	http://localhost:3000
20240930	22:11:37	fc03b7f9-1496-4e89-a489-2895bda8de86	POST	/api/foodata	http://localhost:3000
20240930	22:11:45	666498cf-c27a-489a-9b76-faa1eaeb8466	OPTIONS	/api/foodata	http://localhost:3000
20240930	22:11:45	44eb783b-6916-445a-a508-691da1eb84d5	POST	/api/foodata	http://localhost:3000
20240930	22:11:45	95064762-2579-45a0-8580-2d0e21b2358f	POST	/api/foodata	http://localhost:3000
20240930	22:11:45	0c11c559-82d1-4a09-a3df-8843c7b9ad04	OPTIONS	/api/foodata	http://localhost:3000
20240930	22:13:28	566fa16e-e648-4b7c-a55f-2429fcedb6a5	OPTIONS	/api/foodata	http://localhost:3000
20240930	22:13:28	a34d5270-0c08-44b5-a506-be734bb4a9a7	POST	/api/foodata	http://localhost:3000
20240930	22:13:31	e1566539-abd8-4526-ad2b-f4f055f2e33b	POST	/api/foodata	http://localhost:3000
20240930	22:13:31	1107ef6c-a1f1-4dcc-801f-8e30636a14c3	POST	/api/foodata	http://localhost:3000
20240930	22:14:44	d451c886-ac4a-493a-8a17-05205748c533	OPTIONS	/api/foodata	http://localhost:3000
20240930	22:14:44	7d87d185-d4aa-42e7-ba17-7db69ee56b18	OPTIONS	/api/foodata	http://localhost:3000
20240930	22:14:44	0982b6f4-62f9-4f66-907c-80af892fb274	POST	/api/foodata	http://localhost:3000
20240930	22:14:44	3c0a4a55-4132-4358-b1f9-f33c0ce47314	POST	/api/foodata	http://localhost:3000
20240930	22:16:01	2b7fbc59-c9f0-4feb-b7a3-4e1f36ad36a7	OPTIONS	/api/foodata	http://localhost:3000
20240930	22:16:01	bdc0760b-e1ad-477f-ad29-213b93475f69	OPTIONS	/api/foodata	http://localhost:3000
20240930	22:16:01	2ec90331-f728-4883-8e0f-e3452bfd9145	POST	/api/foodata	http://localhost:3000
20240930	22:16:01	47bad5e4-e051-4b70-a495-aaaf30bc79a2	POST	/api/foodata	http://localhost:3000
20240930	22:16:58	8b16cf15-ffcb-4b17-a7fc-e53b9c033ea6	OPTIONS	/api/foodata	http://localhost:3000
20240930	22:16:58	3ed6f92d-b82f-443c-833f-d2a909a5c1b4	POST	/api/foodata	http://localhost:3000
20240930	22:20:03	7be82c77-6dd1-4561-9f8f-26b0b17c34db	OPTIONS	/api/foodata	http://localhost:3000
20240930	22:20:03	a96c12b9-f9a2-4d12-bcbc-cd2282e540b0	POST	/api/foodata	http://localhost:3000
20240930	22:23:21	fd4a7a9a-202d-4967-abe5-9609a9561a9e	OPTIONS	/api/foodata	http://localhost:3000
20240930	22:23:21	90d5252e-4c24-4ecb-b1cf-1d1c0925e5eb	OPTIONS	/api/foodata	http://localhost:3000
20240930	22:23:21	90b37d7b-abc2-4220-9275-3844bed35d10	POST	/api/foodata	http://localhost:3000
20240930	22:23:21	1bda6a93-6a28-4346-a935-25d323e60f0c	POST	/api/foodata	http://localhost:3000
20240930	22:25:38	f96794f0-9357-4400-a99f-a1127bfddc9f	OPTIONS	/api/foodata	http://localhost:3000
20240930	22:25:38	e240d9a6-c1b5-4363-a85d-438e7eeca5d2	POST	/api/foodata	http://localhost:3000
20240930	22:25:41	317c2fe3-bedb-4b3a-b910-bf44c1f2e3bd	POST	/api/foodata	http://localhost:3000
20240930	22:25:41	0d314644-6449-4ace-9e13-6f880c28ed86	POST	/api/foodata	http://localhost:3000
20240930	22:26:08	4390099d-e412-4691-9bcd-5a23fb545e12	OPTIONS	/api/foodata	http://localhost:3000
20240930	22:26:08	e74f0d1c-0c5d-4bb7-8bab-085f1e55b779	POST	/api/foodata	http://localhost:3000
20240930	22:26:08	d5c18009-d495-436e-b1cb-9851cf3cdc13	POST	/api/foodata	http://localhost:3000
20240930	22:28:08	e485bfa2-d436-404d-b301-59caf56adb79	OPTIONS	/api/foodata	http://localhost:3000
20240930	22:28:08	13f7da84-89bc-4189-a490-e1c0bc848378	POST	/api/foodata	http://localhost:3000
20240930	22:29:17	5241de41-ca10-4fcc-a8a7-64ab2e90e3d1	OPTIONS	/api/foodata	http://localhost:3000
20240930	22:29:17	dde13c9e-0f74-4bdd-b103-552a67d09ea9	OPTIONS	/api/foodata	http://localhost:3000
20240930	22:29:17	c227b3af-e99d-488b-8ead-b73f88f23c15	POST	/api/foodata	http://localhost:3000
20240930	22:29:17	9bb0da5a-d189-42cf-93c8-18bf7a2debcf	POST	/api/foodata	http://localhost:3000
20240930	22:31:32	0df36fd7-90d6-41aa-91c5-263b5b53a210	OPTIONS	/api/foodata	http://localhost:3000
20240930	22:31:32	d0adb753-616e-4c68-b532-65d7b1465f08	POST	/api/foodata	http://localhost:3000
20240930	22:31:32	fcc48ee6-7be2-40dc-8f45-f337e3c1184d	POST	/api/foodata	http://localhost:3000
20240930	22:34:14	cf7b3437-1b00-4c3a-93c6-6446433cc507	OPTIONS	/api/foodata	http://localhost:3000
20240930	22:34:14	2d5dd620-743f-4735-a498-0f00e431c9a5	POST	/api/foodata	http://localhost:3000
20240930	22:36:14	6764e8a4-e4b9-4ed2-a8d9-1e9c16bc8164	OPTIONS	/api/foodata	http://localhost:3000
20240930	22:36:14	aa813f5a-c276-4343-a952-05cf36bc3b4f	OPTIONS	/api/foodata	http://localhost:3000
20240930	22:36:14	634859eb-001d-4a57-a36b-ffcc4952bc0c	POST	/api/foodata	http://localhost:3000
20240930	22:36:14	a8430bc6-cf72-4807-bb17-597aa2b34f55	POST	/api/foodata	http://localhost:3000
20240930	22:36:22	a7ae9d74-aa06-45ac-a3f6-655c4b6e05e4	OPTIONS	/api/foodata	http://localhost:3000
20240930	22:36:22	5de46ff9-bcdf-4731-baed-ead76cbcdd5e	POST	/api/foodata	http://localhost:3000
20240930	22:36:22	17218795-3672-4e49-a532-31bb2078037d	POST	/api/foodata	http://localhost:3000
20240930	22:36:22	93bc42ec-9f3d-48de-9c72-a8af99815312	OPTIONS	/api/foodata	http://localhost:3000
20240930	22:36:36	f204d0dd-15ed-4e4a-a24d-714f8f4355cd	OPTIONS	/api/foodata	http://localhost:3000
20240930	22:36:36	053bd3b0-fc95-4291-977e-74ab983427c5	POST	/api/foodata	http://localhost:3000
20240930	22:36:36	3ff4f3f3-71c2-4614-9b83-4ee75159be22	OPTIONS	/api/foodata	http://localhost:3000
20240930	22:36:36	e84678ce-17f7-438b-a32b-09f261180c2a	POST	/api/foodata	http://localhost:3000
20240930	22:36:56	41effda2-d366-4dfd-b290-88097a99446e	OPTIONS	/api/foodata	http://localhost:3000
20240930	22:36:56	e444a700-c3f3-4a42-92d1-89d808afeb83	POST	/api/foodata	http://localhost:3000
20240930	22:36:56	190fcb50-15d8-425c-970a-325e0b9bd2a5	POST	/api/foodata	http://localhost:3000
20240930	22:37:02	6e17221a-47a7-4722-8bb2-dc3d72a54a43	OPTIONS	/api/foodata	http://localhost:3000
20240930	22:37:02	415f42ff-7ac0-4dca-8b7a-bb94b9af5052	OPTIONS	/api/foodata	http://localhost:3000
20240930	22:37:02	ac27aeb1-d4d3-4842-a64b-c52a55edeb62	POST	/api/foodata	http://localhost:3000
20240930	22:37:03	bf18ff06-32cd-4bf0-b8c9-9a0ef0bc17b2	POST	/api/foodata	http://localhost:3000
20240930	22:40:25	be76c7c8-10b7-48ea-936d-71bc362bacc9	OPTIONS	/api/foodata	http://localhost:3000
20240930	22:40:25	e6c88d3e-7e64-49b9-a664-44ba39ccbec6	OPTIONS	/api/foodata	http://localhost:3000
20240930	22:40:25	e3828e39-1713-41e9-9bad-4bd96d818c8e	POST	/api/foodata	http://localhost:3000
20240930	22:40:25	5cf82cb8-3b70-4c12-bcff-7fd1b7fbc019	POST	/api/foodata	http://localhost:3000
20240930	22:40:28	550ee554-0bc4-4a2d-882e-de4a776185ed	POST	/api/foodata	http://localhost:3000
20240930	22:40:28	979c0bc7-4053-40d2-b17b-ba09613f12f1	POST	/api/foodata	http://localhost:3000
20241001	17:58:46	b16e4942-e978-4fac-9706-7619994fb3a2	OPTIONS	/api/foodata	http://localhost:3000
20241001	17:58:46	18454db9-61d0-466d-82f7-9f0293a32f75	POST	/api/foodata	http://localhost:3000
20241001	17:58:46	5c4434c5-0166-4137-9dd7-4b24addf17c7	OPTIONS	/api/foodata	http://localhost:3000
20241001	17:58:46	ef99e1c8-873c-438d-9d53-a9df751cd006	POST	/api/foodata	http://localhost:3000
20241001	18:03:32	efe07978-5ac3-42dc-8a91-f509189e879a	OPTIONS	/api/foodata	http://localhost:3000
20241001	18:03:32	47e13d04-c0f1-4410-ab2d-c2d6cdff804f	OPTIONS	/api/foodata	http://localhost:3000
20241001	18:03:32	db4b9357-dff6-4907-90d8-57e97d87b382	POST	/api/foodata	http://localhost:3000
20241001	18:03:32	bce31a9a-8d61-413c-9050-83999e6cbb0c	POST	/api/foodata	http://localhost:3000
20241001	18:04:10	6b5e8020-e1e5-4c3b-8e42-5b2b00cae77d	OPTIONS	/api/foodata	http://localhost:3000
20241001	18:04:10	6f49b15c-c01e-4f66-80fc-ba6f1ae09e31	OPTIONS	/api/foodata	http://localhost:3000
20241001	18:04:10	a0b07142-3465-4b05-9837-7ce548beb5d6	POST	/api/foodata	http://localhost:3000
20241001	18:04:10	5df4d90d-d557-4cce-997e-ee680e6df4d9	POST	/api/foodata	http://localhost:3000
20241001	18:08:44	9888f627-f494-475a-a31f-d952e27708c4	OPTIONS	/api/foodata	http://localhost:3000
20241001	18:08:44	82dde366-5e74-4139-b5c1-84d24e116f7b	POST	/api/foodata	http://localhost:3000
20241001	18:08:44	35ae74c7-cae6-4a08-b7a6-3fe8650c26f9	OPTIONS	/api/foodata	http://localhost:3000
20241001	18:08:44	c1ddf4fb-afaf-43e9-9e5a-ae0eb26f75e3	POST	/api/foodata	http://localhost:3000
20241001	18:09:40	8ea25cd7-5999-405b-9bc0-d7c3f499972e	OPTIONS	/api/foodata	http://localhost:3000
20241001	18:09:40	241f74e9-b825-431d-8fe1-07eef7625739	OPTIONS	/api/foodata	http://localhost:3000
20241001	18:09:40	321d1766-d73e-4c91-a3db-9791bc71a57c	POST	/api/foodata	http://localhost:3000
20241001	18:09:40	9f978a75-4a56-4bf7-81c3-a3bb697e4544	POST	/api/foodata	http://localhost:3000
20241001	18:09:44	ec5e693e-585a-4675-8692-35cbf3d6f067	POST	/api/foodata	http://localhost:3000
20241001	18:09:44	ac49c4ef-f2bb-4685-bb73-aef70fa90512	POST	/api/foodata	http://localhost:3000
20241001	18:11:04	fe0dc890-f147-42be-8d17-03b107df3ae0	OPTIONS	/api/foodata	http://localhost:3000
20241001	18:11:04	9112b0cb-12c2-4079-be23-75c0c8805939	OPTIONS	/api/foodata	http://localhost:3000
20241001	18:11:04	533f7da0-659f-43a9-8997-8809eaa4d348	POST	/api/foodata	http://localhost:3000
20241001	18:11:04	c4b0f0fb-bff5-4b4b-a7bc-babb9bb64d3c	POST	/api/foodata	http://localhost:3000
20241001	18:12:51	21a634d2-a944-47dd-98d4-498d4bcb1be7	OPTIONS	/api/foodata	http://localhost:3000
20241001	18:12:51	a198db23-607f-4755-a9c1-cc0e3a8c063e	POST	/api/foodata	http://localhost:3000
20241001	18:12:51	ca57b81e-2f5c-4548-8469-dfa5aedeb5f6	OPTIONS	/api/foodata	http://localhost:3000
20241001	18:12:51	cf91f6ce-d19a-4f6b-96e0-6a3b57309b23	POST	/api/foodata	http://localhost:3000
20241001	18:14:47	9cee62b6-3d6e-4b7a-b1d0-2b1af9bcea48	OPTIONS	/api/foodata	http://localhost:3000
20241001	18:14:47	7e0d95b2-feca-410d-8bd4-999160dc9d32	OPTIONS	/api/foodata	http://localhost:3000
20241001	18:14:47	b07a4a29-82a0-436f-8bdb-f8b7bf39f3eb	POST	/api/foodata	http://localhost:3000
20241001	18:14:47	355c563b-acf6-4860-b683-8673eecf377b	POST	/api/foodata	http://localhost:3000
20241001	18:14:52	96abe10e-58cb-41ed-b84e-697a9f5de3c5	OPTIONS	/api/foodata	http://localhost:3000
20241001	18:14:52	551c3fb0-85eb-41da-abe6-52b9a92e1be2	OPTIONS	/api/foodata	http://localhost:3000
20241001	18:14:52	8e2dfa62-1b6b-44a5-9eb0-98f0805f6680	POST	/api/foodata	http://localhost:3000
20241001	18:14:52	8edf9f06-a01c-48ea-9cef-c331f53407c0	POST	/api/foodata	http://localhost:3000
20241001	18:14:54	029b42ae-ef88-4efa-b989-e60437bef7bd	POST	/api/foodata	http://localhost:3000
20241001	18:14:54	775c3002-7aad-4c9f-bcdd-608add68a0f2	POST	/api/foodata	http://localhost:3000
20241001	18:14:55	a6019d17-7c9c-4afe-a507-c0b93708e49b	POST	/api/foodata	http://localhost:3000
20241001	18:14:55	1d6fcd43-889e-443d-8b5a-46625ba9fbda	POST	/api/foodata	http://localhost:3000
20241001	18:14:56	d8a338e2-de4f-433a-a132-0a0a23428507	POST	/api/foodata	http://localhost:3000
20241001	18:14:56	0b64f6f9-8f90-4bdd-b72e-72d3ff4242a5	POST	/api/foodata	http://localhost:3000
20241001	18:14:57	dcc535da-481e-46ce-8b38-bc13b9127875	POST	/api/foodata	http://localhost:3000
20241001	18:14:57	ac45180b-6593-4764-90bd-b0c7d8847202	POST	/api/foodata	http://localhost:3000
20241001	18:16:22	e69e3f96-6e6e-4545-9f24-aadd77a7e63c	OPTIONS	/api/foodata	http://localhost:3000
20241001	18:16:22	bf01f43f-fd37-4d99-bb09-a07bd8cf9163	OPTIONS	/api/foodata	http://localhost:3000
20241001	18:16:22	926e2f32-3e7f-4de2-ba8a-cc572abe1b37	POST	/api/foodata	http://localhost:3000
20241001	18:16:23	32221950-2f44-4b1b-8238-b26dd5886df1	POST	/api/foodata	http://localhost:3000
20241001	18:16:51	b0740200-724f-463a-a9db-554ba0480875	OPTIONS	/api/foodata	http://localhost:3000
20241001	18:16:51	f8e9f968-0850-4dcf-99e5-8a313afd774a	POST	/api/foodata	http://localhost:3000
20241001	18:16:51	ed92a47e-3dbe-4f4f-b9ef-424822a96cbc	OPTIONS	/api/foodata	http://localhost:3000
20241001	18:16:51	6b48f48c-dc94-4091-9111-835f47062d03	POST	/api/foodata	http://localhost:3000
20241001	18:17:52	6f670cf4-96d6-42d0-88cc-87c1a5d2d92a	OPTIONS	/api/foodata	http://localhost:3000
20241001	18:17:52	d8964385-bf4e-4116-9d9f-83793b928ec6	POST	/api/foodata	http://localhost:3000
20241001	18:17:52	ac5951a6-3469-440c-b787-fd72c9892dc9	POST	/api/foodata	http://localhost:3000
20241001	18:18:20	5d00fd55-018a-4ec1-accb-5708c9dff7d9	OPTIONS	/api/foodata	http://localhost:3000
20241001	18:18:20	657e08eb-b712-4b72-90b0-bee3d356111f	OPTIONS	/api/foodata	http://localhost:3000
20241001	18:18:20	4945520b-75fc-4485-a9f1-9996c1400606	POST	/api/foodata	http://localhost:3000
20241001	18:18:20	717b02fe-f2e7-441f-8a44-2dfd49ecf1df	POST	/api/foodata	http://localhost:3000
20241001	18:19:21	e8046555-ed5c-4799-aa57-db0defa75eeb	OPTIONS	/api/foodata	http://localhost:3000
20241001	18:19:21	c2e141ce-8341-4a2a-8259-d5184bc18bbd	OPTIONS	/api/foodata	http://localhost:3000
20241001	18:19:21	9df29106-713f-4ee6-a8ee-cbf24b285c23	POST	/api/foodata	http://localhost:3000
20241001	18:19:21	bf88f00e-1cf3-4f0a-8d20-97f4f57194ca	POST	/api/foodata	http://localhost:3000
20241001	18:20:43	c3b7a7a1-928d-4dcb-aaaa-517bfd6f662f	OPTIONS	/api/foodata	http://localhost:3000
20241001	18:20:43	fc2ce442-b7d8-43ec-a761-d640da509fea	POST	/api/foodata	http://localhost:3000
20241001	18:20:59	71bb635a-728d-4b4a-84dc-baa33726f461	OPTIONS	/api/foodata	http://localhost:3000
20241001	18:20:59	62dcd062-a8a5-4efe-a211-708ea6f4e895	OPTIONS	/api/foodata	http://localhost:3000
20241001	18:20:59	9eab3963-1237-4f77-9bb5-1fb4029d7bd7	POST	/api/foodata	http://localhost:3000
20241001	18:20:59	ed141ef2-4309-4422-a77e-4744bd7ae225	POST	/api/foodata	http://localhost:3000
20241001	18:22:06	9b5cc467-657d-4446-a9d4-b1f43815f6d1	OPTIONS	/api/foodata	http://localhost:3000
20241001	18:22:06	bc7c9058-b030-4925-8ec5-0af2f0b20870	POST	/api/foodata	http://localhost:3000
20241001	18:22:06	9140e1d4-7aba-47bd-ac12-f4b28302b016	POST	/api/foodata	http://localhost:3000
20241001	18:22:49	d69b00d5-dcaa-4998-8821-a65329487c1c	OPTIONS	/api/foodata	http://localhost:3000
20241001	18:22:49	50e027d8-7fbd-4695-9673-9bc7259b95b1	POST	/api/foodata	http://localhost:3000
20241001	18:22:49	ac4a5530-752d-45ca-b5f5-e3efe730a401	POST	/api/foodata	http://localhost:3000
20241001	18:22:53	fec8b8e2-8cd7-4808-a5a4-d28f08ace1bc	POST	/api/foodata	http://localhost:3000
20241001	18:22:53	13e4601f-1ac7-47fa-a479-0178c735d7e2	POST	/api/foodata	http://localhost:3000
20241001	18:23:14	2556ccbb-2a68-4715-92f4-4c5f72d05029	OPTIONS	/api/foodata	http://localhost:3000
20241001	18:23:14	01ba9648-3dff-4ceb-8150-76dc499524da	OPTIONS	/api/foodata	http://localhost:3000
20241001	18:23:14	d7ef7b46-8c31-40d5-8b28-741316d30f61	POST	/api/foodata	http://localhost:3000
20241001	18:23:14	386d0444-f0a3-415c-8f6d-9e794250f64b	POST	/api/foodata	http://localhost:3000
20241001	18:23:39	06b05dc6-4a98-44c8-8ba2-cda502e7f893	OPTIONS	/api/foodata	http://localhost:3000
20241001	18:23:39	b52af1e7-5ab6-41c1-8e90-f2313d8b3244	OPTIONS	/api/foodata	http://localhost:3000
20241001	18:23:39	ae0474c9-a65a-4088-a394-2315ec1534cc	POST	/api/foodata	http://localhost:3000
20241001	18:23:39	92a1c155-3c7d-4f39-8e48-e25777a45dfc	POST	/api/foodata	http://localhost:3000
20241001	18:25:16	2253988d-ddf9-4ec8-ad11-5b1a4b0dec20	OPTIONS	/api/foodata	http://localhost:3000
20241001	18:25:16	952d5cc3-161e-4226-bf97-142246110d3a	POST	/api/foodata	http://localhost:3000
20241001	18:25:35	45a5d12a-ed0f-4c98-bfd2-4baa6f1f4ed2	OPTIONS	/api/foodata	http://localhost:3000
20241001	18:25:35	3665dcd1-7ff4-4ec5-8b93-61308deeaad5	POST	/api/foodata	http://localhost:3000
20241001	18:25:37	9b8af05e-7b02-40f4-a9a8-145bb208ab30	POST	/api/foodata	http://localhost:3000
20241001	18:25:37	cd05c9c7-b1db-45ce-8d6b-370858213724	POST	/api/foodata	http://localhost:3000
20241001	18:26:20	a4fc6257-85e2-4c80-a91b-243b31dc279f	OPTIONS	/api/foodata	http://localhost:3000
20241001	18:26:20	ef53d021-6183-4777-bbb0-61d200624d17	OPTIONS	/api/foodata	http://localhost:3000
20241001	18:26:20	788b2137-1ef5-4b78-811b-522b9730bb24	POST	/api/foodata	http://localhost:3000
20241001	18:26:20	3f66ea83-af25-4098-a024-ff56872865dc	POST	/api/foodata	http://localhost:3000
20241001	18:29:32	5a8fb8ca-f98c-4cdf-b7fb-36272c38cc8b	OPTIONS	/api/foodata	http://localhost:3000
20241001	18:29:32	a041a734-6110-4007-9791-884f2c6e5ccf	POST	/api/foodata	http://localhost:3000
20241001	18:30:37	70a63630-1911-49ce-86ba-0852ef5aa996	OPTIONS	/api/foodata	http://localhost:3000
20241001	18:30:37	b942ffa6-c6e5-411f-ba1b-83379cc3eaf4	POST	/api/foodata	http://localhost:3000
20241001	18:30:40	6c92d8e1-2f62-450e-bb9d-3f6cb8f04819	POST	/api/foodata	http://localhost:3000
20241001	18:30:40	8ccd37d4-412a-4162-ac96-346043fbda14	POST	/api/foodata	http://localhost:3000
20241001	18:33:03	3b3dd4b4-557d-47e4-b4b4-8906a916332c	OPTIONS	/api/foodata	http://localhost:3000
20241001	18:33:03	44367a91-a1f4-4255-a979-4640564d76d2	OPTIONS	/api/foodata	http://localhost:3000
20241001	18:33:04	a7f36fa3-a153-4f8e-adf2-d64ec579e8c9	POST	/api/foodata	http://localhost:3000
20241001	18:33:04	b0b4d75f-0bcf-42f6-8db0-55f1a8592279	POST	/api/foodata	http://localhost:3000
20241001	18:33:52	8042c069-8e96-4750-ad68-bcd8ee441308	OPTIONS	/api/foodata	http://localhost:3000
20241001	18:33:52	be5d9eff-e215-4660-97b8-cfcd8292875a	POST	/api/foodata	http://localhost:3000
20241001	18:34:35	9c7a1806-f34f-4d43-adb6-d085a08a0856	OPTIONS	/api/foodata	http://localhost:3000
20241001	18:34:35	d9c62d16-b9bf-4871-9bdd-dcbc781aed1d	POST	/api/foodata	http://localhost:3000
20241001	18:34:42	3544e3f7-f8a7-419b-8aa8-d7663c7ff0a5	OPTIONS	/api/foodata	http://localhost:3000
20241001	18:34:42	d8f5247b-bd4c-4518-b55d-e56bc2e36e5a	OPTIONS	/api/foodata	http://localhost:3000
20241001	18:34:42	3cfac77c-bc83-489b-a0a4-877e33477ab4	POST	/api/foodata	http://localhost:3000
20241001	18:34:42	9430166a-4485-4d5d-b21f-9897eaa93b1d	POST	/api/foodata	http://localhost:3000
20241001	18:35:31	e90a087d-8aa5-46be-9335-6566d1deef14	OPTIONS	/api/foodata	http://localhost:3000
20241001	18:35:31	23433261-3690-4571-962f-2f1ee64323a7	POST	/api/foodata	http://localhost:3000
20241001	18:36:21	1f375ee9-471d-41e4-b7a8-00e294200652	OPTIONS	/api/foodata	http://localhost:3000
20241001	18:36:21	436def3e-2aef-445f-a947-e35e89fed858	POST	/api/foodata	http://localhost:3000
20241001	18:37:04	fc9794b9-067e-4a80-b8c5-5e09a36709e7	OPTIONS	/api/foodata	http://localhost:3000
20241001	18:37:04	07694496-83fb-4910-a6e8-95d4bb7bded7	OPTIONS	/api/foodata	http://localhost:3000
20241001	18:37:04	11525f2e-6a81-4999-aab4-5d82c0903b6f	POST	/api/foodata	http://localhost:3000
20241001	18:37:04	32f53b8d-760b-44ef-a144-7fa1bf31d3c9	POST	/api/foodata	http://localhost:3000
20241001	18:40:49	903e9316-0914-4bb0-a9e5-19685b749924	OPTIONS	/api/foodata	http://localhost:3000
20241001	18:40:49	70ccca97-b87a-4ca6-9acd-6dc906bcbae4	POST	/api/foodata	http://localhost:3000
20241001	18:40:49	b207f050-1a42-4190-b452-c274690e022e	OPTIONS	/api/foodata	http://localhost:3000
20241001	18:40:49	61571337-2bd0-4176-88d1-834256a84a39	POST	/api/foodata	http://localhost:3000
20241001	18:43:38	ebf287d7-ee62-4c13-b8e1-b3e54c47edf7	OPTIONS	/api/foodata	http://localhost:3000
20241001	18:43:38	9dfa9369-ce22-4ca2-bc34-aa6fbf4a667d	POST	/api/foodata	http://localhost:3000
20241001	18:43:38	de844020-8b94-41b8-b1d0-23252ef5c8c2	OPTIONS	/api/foodata	http://localhost:3000
20241001	18:43:38	7371db94-13a0-4af1-94aa-be4f84048dc3	POST	/api/foodata	http://localhost:3000
20241001	18:45:03	a734559e-aa6f-45a2-9100-1e0d2f34add0	OPTIONS	/api/foodata	http://localhost:3000
20241001	18:45:03	688e9c3f-172e-47dd-8293-5c9965a7a4d2	POST	/api/foodata	http://localhost:3000
20241001	18:45:03	66432cc4-3819-48ff-81ad-fc014e341f31	OPTIONS	/api/foodata	http://localhost:3000
20241001	18:45:03	2c516578-153c-4e84-930a-efbfb413bba4	POST	/api/foodata	http://localhost:3000
20241001	18:47:59	a239861d-9e8e-4270-9d8e-0020e6417c69	OPTIONS	/api/foodata	http://localhost:3000
20241001	18:47:59	6f123dad-5799-443e-81d2-d4dd794e31b2	OPTIONS	/api/foodata	http://localhost:3000
20241001	18:47:59	153ef3ff-38d0-4ad3-8b35-ac683903f036	POST	/api/foodata	http://localhost:3000
20241001	18:47:59	e191a58a-fc4b-4842-81e5-4325c2474ac1	POST	/api/foodata	http://localhost:3000
20241001	18:50:02	132d4740-1773-4200-b97e-07af7d28f97f	OPTIONS	/api/foodata	http://localhost:3000
20241001	18:50:02	6620bfac-f11e-4a1c-9c57-4b9ac6582e13	POST	/api/foodata	http://localhost:3000
20241001	18:50:05	183f0252-8886-4756-80c2-a4d3503801cd	POST	/api/foodata	http://localhost:3000
20241001	18:50:05	8a3202f3-e770-4470-b40a-e4573c67926d	POST	/api/foodata	http://localhost:3000
20241001	18:51:06	87e99302-4b21-4c1f-97fd-43a9522bd8ba	OPTIONS	/api/foodata	http://localhost:3000
20241001	18:51:06	cb227cdd-662f-4925-b089-b56f5d501a2f	POST	/api/foodata	http://localhost:3000
20241001	18:51:34	97fdcdf5-b2fd-497f-bbab-e747d83f98e7	OPTIONS	/api/foodata	http://localhost:3000
20241001	18:51:34	2daf5b75-33d4-46f1-8fb5-d711488081b4	POST	/api/foodata	http://localhost:3000
20241001	18:51:34	58958f31-22fd-43f9-b099-8e29aa3ecfce	OPTIONS	/api/foodata	http://localhost:3000
20241001	18:51:34	89ed1ac3-3bf0-47ec-9213-817eacd1c496	POST	/api/foodata	http://localhost:3000
20241001	18:52:28	47ca46d2-ab9a-4086-ae8a-a97fde6c761d	OPTIONS	/api/foodata	http://localhost:3000
20241001	18:52:28	02b7bfe3-8a38-4b49-af1e-45f7a454642e	OPTIONS	/api/foodata	http://localhost:3000
20241001	18:52:28	85372964-977d-4ea2-a8b8-d43680981c82	POST	/api/foodata	http://localhost:3000
20241001	18:52:28	304e7e8e-686f-43e9-8549-d262a8b68a7a	POST	/api/foodata	http://localhost:3000
20241001	18:55:07	d82196ab-6260-4303-a825-98dd89e6ea6f	OPTIONS	/api/foodata	http://localhost:3000
20241001	18:55:07	bcae3011-c8c1-4e3f-9a73-1d44259027d6	OPTIONS	/api/foodata	http://localhost:3000
20241001	18:55:07	5c499a8c-d393-4634-9b36-4462b3a3ee6e	POST	/api/foodata	http://localhost:3000
20241001	18:55:07	0a586589-a0b3-49df-a73b-213f58da09a9	POST	/api/foodata	http://localhost:3000
20241001	18:56:00	c1051d73-be50-4de3-a885-2fe5298760c8	OPTIONS	/api/foodata	http://localhost:3000
20241001	18:56:00	cf1597db-afaf-42e9-a329-b33528df9774	OPTIONS	/api/foodata	http://localhost:3000
20241001	18:56:00	e55cdb34-c563-40c3-8c4b-ed3d11af8d31	POST	/api/foodata	http://localhost:3000
20241001	18:56:00	54081379-72d1-4da1-9495-7fb2e2cb5f8e	POST	/api/foodata	http://localhost:3000
20241001	18:56:25	a29c383e-b25a-4c4d-8c9d-81b4ddb90c8f	OPTIONS	/api/foodata	http://localhost:3000
20241001	18:56:25	5b1ee2e8-a2de-401e-ac8d-67eb95bb685a	OPTIONS	/api/foodata	http://localhost:3000
20241001	18:56:25	e45259b0-39de-44ce-91dc-e4c9975c395f	POST	/api/foodata	http://localhost:3000
20241001	18:56:25	bedf0b01-e898-495c-8380-2359b64429b7	POST	/api/foodata	http://localhost:3000
20241001	18:56:47	02b891f7-3f52-44a9-92a3-db69aa971765	OPTIONS	/api/foodata	http://localhost:3000
20241001	18:56:47	3b259355-e48b-4c84-a402-ef4a51b13960	OPTIONS	/api/foodata	http://localhost:3000
20241001	18:56:47	25df2419-923c-4dcb-ad6f-012f6ada3e5e	POST	/api/foodata	http://localhost:3000
20241001	18:56:47	61cfcf44-40c5-4c0f-8b58-b51a43a9c579	POST	/api/foodata	http://localhost:3000
20241001	18:57:49	6d7b6692-7fa0-413c-955c-3a8b533d5331	OPTIONS	/api/foodata	http://localhost:3000
20241001	18:57:49	77663197-8d55-43e6-b5ad-a249bc672629	OPTIONS	/api/foodata	http://localhost:3000
20241001	18:57:49	61613399-8113-48d3-8466-66a3dd2c5868	POST	/api/foodata	http://localhost:3000
20241001	18:57:49	31d03181-35bc-4ce6-abd9-939cac644542	POST	/api/foodata	http://localhost:3000
20241001	18:58:32	ad55c97e-70d6-426f-822a-0f27a81ad78d	OPTIONS	/api/foodata	http://localhost:3000
20241001	18:58:32	2fc0d90f-728e-4e50-8451-70aa788a1da8	OPTIONS	/api/foodata	http://localhost:3000
20241001	18:58:32	62744fa7-8bf6-47ce-a7d1-f45db1ab0344	POST	/api/foodata	http://localhost:3000
20241001	18:58:32	071171f7-1b2f-410c-9521-9fbc50a923b3	POST	/api/foodata	http://localhost:3000
20241001	19:02:17	847f882a-018e-4e9c-9b46-8198d25b5806	OPTIONS	/api/foodata	http://localhost:3000
20241001	19:02:17	534c2018-e964-4068-9d56-be0ca80317a5	OPTIONS	/api/foodata	http://localhost:3000
20241001	19:02:17	6a3087f8-e1ff-4800-9789-be90bd706e0d	POST	/api/foodata	http://localhost:3000
20241001	19:02:17	c62fdc51-0a6a-4e75-9e35-98d8f7312c36	POST	/api/foodata	http://localhost:3000
20241001	19:03:59	721de4b6-40bc-47d4-ba9c-9ee10b6c9a5f	OPTIONS	/api/foodata	http://localhost:3000
20241001	19:03:59	d1f4df15-cf4a-42ca-af5c-c386cd225b9a	OPTIONS	/api/foodata	http://localhost:3000
20241001	19:03:59	3019bf75-9e63-47e5-a046-6d7defcbbe10	POST	/api/foodata	http://localhost:3000
20241001	19:03:59	d5a429df-1cc1-471a-b70b-843708572f99	POST	/api/foodata	http://localhost:3000
20241001	19:04:55	6007a8c6-5328-4489-8b0a-b641aaab5e78	OPTIONS	/api/foodata	http://localhost:3000
20241001	19:04:55	34ea853a-b736-41c0-965a-2e78e32c05a4	OPTIONS	/api/foodata	http://localhost:3000
20241001	19:04:55	4e03343a-05c4-4f01-a087-96d1560ba4c4	POST	/api/foodata	http://localhost:3000
20241001	19:04:55	e5b7043e-3092-4859-a8b1-d32af0a6508d	POST	/api/foodata	http://localhost:3000
20241001	19:05:38	b7fb02cc-70ec-44ad-9862-fe9969d5bd0b	OPTIONS	/api/foodata	http://localhost:3000
20241001	19:05:38	4a2e31b9-c69a-4683-9c48-f024142a66cf	POST	/api/foodata	http://localhost:3000
20241001	19:05:41	f5a81668-82da-477d-a252-72a241a7e5a1	POST	/api/foodata	http://localhost:3000
20241001	19:05:41	4fc48003-1d04-4bff-bcf1-608de15f1843	POST	/api/foodata	http://localhost:3000
20241001	19:05:50	abc9e8a7-063d-4cc9-9f17-060aa4139743	OPTIONS	/api/foodata	http://localhost:3000
20241001	19:05:50	f48775aa-2903-4013-86b2-6c4f125536fe	POST	/api/foodata	http://localhost:3000
20241001	19:08:04	e228a38d-cde5-41c3-b293-4fc87be02d4a	OPTIONS	/api/foodata	http://localhost:3000
20241001	19:08:04	844122c3-e4b9-4535-83f3-d67304912c60	POST	/api/foodata	http://localhost:3000
20241001	19:08:07	4cbaab29-27b1-473b-8c20-e3f632169b47	POST	/api/foodata	http://localhost:3000
20241001	19:08:07	1a5add33-0ed6-4561-bb0b-beebba625330	POST	/api/foodata	http://localhost:3000
20241001	19:08:41	641a563b-ba91-48a4-87fa-2027bb79e18d	OPTIONS	/api/foodata	http://localhost:3000
20241001	19:08:41	5f6aa880-5972-42c6-a84b-b990d1de8d26	POST	/api/foodata	http://localhost:3000
20241001	19:09:48	f5ac3a44-5340-46b3-99ed-ce2d6d6deb63	OPTIONS	/api/foodata	http://localhost:3000
20241001	19:09:48	58f09f24-c098-4e07-990f-73960b1f5f8d	POST	/api/foodata	http://localhost:3000
20241001	19:09:51	12c5de04-715e-478b-8677-c88f41ac161c	POST	/api/foodata	http://localhost:3000
20241001	19:09:51	9a2432d5-3b7f-4014-8303-f360225b5d33	POST	/api/foodata	http://localhost:3000
20241001	19:10:16	d7c2e5cb-8c53-4521-bd41-30784f9b6590	OPTIONS	/api/foodata	http://localhost:3000
20241001	19:10:16	6f40c041-a4e1-4684-a890-cd4bf293ffc4	POST	/api/foodata	http://localhost:3000
20241001	19:10:19	a3287951-3838-4bc7-86a1-677c441fb51f	POST	/api/foodata	http://localhost:3000
20241001	19:10:19	87e2af1d-a2bd-4c50-97d4-05b36eddf281	POST	/api/foodata	http://localhost:3000
20241001	19:10:40	9cc736fb-ff43-4c10-b97c-dbee267ac7c2	OPTIONS	/api/foodata	http://localhost:3000
20241001	19:10:40	08b32da5-0b4e-4195-aab0-ea29c15fd20f	POST	/api/foodata	http://localhost:3000
20241001	19:12:07	48630b7d-fbef-4aa2-99f4-ef96d8a4272e	OPTIONS	/api/foodata	http://localhost:3000
20241001	19:12:07	15f23df0-6a4a-4c2b-b5b6-9afef6f9bf6a	POST	/api/foodata	http://localhost:3000
20241001	19:12:09	0b491427-5aeb-49e3-b0c0-25b1098aedfc	POST	/api/foodata	http://localhost:3000
20241001	19:12:09	d566984f-74e7-40e1-9040-00cd96c65e37	POST	/api/foodata	http://localhost:3000
20241001	19:13:00	f5a066a0-831f-4196-9bf8-2e70482bc2cf	OPTIONS	/api/foodata	http://localhost:3000
20241001	19:13:00	090c80e1-5f4a-4995-a715-79d500e065e2	POST	/api/foodata	http://localhost:3000
20241001	19:17:40	815995eb-5d62-4e6b-bf73-32ac0a276167	OPTIONS	/api/foodata	http://localhost:3000
20241001	19:17:40	44360a71-26b8-4cb4-a722-77eb2cb9fea4	POST	/api/foodata	http://localhost:3000
20241001	19:17:42	69e2dca6-6175-4914-bc7d-5d6eb5fe2052	POST	/api/foodata	http://localhost:3000
20241001	19:17:42	6816c552-4957-4ce1-9fee-9f3216696fda	POST	/api/foodata	http://localhost:3000
20241001	19:18:22	4b535c55-3d11-4093-9fc3-3d064362a056	OPTIONS	/api/foodata	http://localhost:3000
20241001	19:18:22	35828e37-a3d8-4c03-a925-803cbd592bc0	POST	/api/foodata	http://localhost:3000
20241001	19:18:24	ed3a08ec-8440-4afa-817f-d4a55230de78	POST	/api/foodata	http://localhost:3000
20241001	19:18:24	5406cad8-c643-437e-9c26-e945dc697562	POST	/api/foodata	http://localhost:3000
20241001	19:18:46	0998304f-b3b0-41a9-8d72-c7d49ed779c1	OPTIONS	/api/foodata	http://localhost:3000
20241001	19:18:46	508a6126-3a63-4b64-bd0c-400841a26919	POST	/api/foodata	http://localhost:3000
20241001	19:20:26	c21c10fc-d76f-4ad1-9545-6814c40699c4	OPTIONS	/api/foodata	http://localhost:3000
20241001	19:20:26	b8ed744b-7113-43fb-bfae-b3e82cf2a1ba	OPTIONS	/api/foodata	http://localhost:3000
20241001	19:20:26	f05bdbda-faa0-4971-b6a9-66cf9d233391	POST	/api/foodata	http://localhost:3000
20241001	19:20:26	6790420d-507f-4df5-9574-74c1b5ed51e0	POST	/api/foodata	http://localhost:3000
20241001	19:20:51	1aec2a8d-20a2-4a4a-ba00-f26d4d784d9b	OPTIONS	/api/foodata	http://localhost:3000
20241001	19:20:51	c7e89dad-1aa2-46dd-bc18-8c999003c113	POST	/api/foodata	http://localhost:3000
20241001	19:20:51	fbe7902d-c767-47ce-8745-04e38da68610	OPTIONS	/api/foodata	http://localhost:3000
20241001	19:20:51	8cda0175-5c1f-4bb9-b964-442e5918e810	POST	/api/foodata	http://localhost:3000
20241001	19:21:34	ccd4031e-419b-4406-b509-e0d2805d4106	OPTIONS	/api/foodata	http://localhost:3000
20241001	19:21:34	a0cce611-b6e3-4e6b-8ab9-545ee0325286	OPTIONS	/api/foodata	http://localhost:3000
20241001	19:21:34	c7baa962-3356-43e3-a96c-7227760f7089	POST	/api/foodata	http://localhost:3000
20241001	19:21:34	4b9f9572-d113-4fe4-a92c-86590d9a0ee9	POST	/api/foodata	http://localhost:3000
20241001	19:24:23	d88f6430-96cf-43dc-8cc5-b5f85e1891c1	OPTIONS	/api/foodata	http://localhost:3000
20241001	19:24:23	1e4032b9-c308-4077-8134-3802bcd9e7f1	OPTIONS	/api/foodata	http://localhost:3000
20241001	19:24:23	0200b0d0-bbda-4722-a76a-214df1237a60	POST	/api/foodata	http://localhost:3000
20241001	19:24:23	303dd0db-517a-49e3-bf63-76c061ddc220	POST	/api/foodata	http://localhost:3000
20241001	19:24:39	56d17576-7424-4bc6-8587-34304778b600	OPTIONS	/api/foodata	http://localhost:3000
20241001	19:24:39	50be4614-e079-4594-8caf-1c86a59042eb	OPTIONS	/api/foodata	http://localhost:3000
20241001	19:24:40	6b11d45c-e5fe-4b70-9999-68e8b2267018	POST	/api/foodata	http://localhost:3000
20241001	19:24:40	e5db7e9b-a329-4ffe-8792-594854ba7d78	POST	/api/foodata	http://localhost:3000
20241001	19:25:30	82e0b0e4-16e7-4e22-acd7-e295bae94250	OPTIONS	/api/foodata	http://localhost:3000
20241001	19:25:30	8dfee0c8-b1d1-48e7-93b4-11b940865878	OPTIONS	/api/foodata	http://localhost:3000
20241001	19:25:30	3f014bb7-2114-4c7b-b434-7b95d9e0459c	POST	/api/foodata	http://localhost:3000
20241001	19:25:30	26bbd56b-ac7e-4ebc-8cc6-adfc5c8566ab	POST	/api/foodata	http://localhost:3000
20241001	19:48:33	17581c5e-58a6-433a-ab11-5b3161f13afb	OPTIONS	/api/foodata	http://localhost:3000
20241001	19:48:33	3e44bf68-a7c3-4137-b7c1-ad23be285330	OPTIONS	/api/foodata	http://localhost:3000
20241001	19:48:33	2025da0c-1131-42e2-8945-d89ce665963f	POST	/api/foodata	http://localhost:3000
20241001	19:48:33	81cea7c2-c040-4f27-aca6-28c467569c1b	POST	/api/foodata	http://localhost:3000
20241001	19:48:48	c82e3086-7e2b-47c1-b5f3-a1beccdc441f	OPTIONS	/api/foodata	http://localhost:3000
20241001	19:48:48	fa1ef2ac-b6b5-476e-a05a-40ce6b3b26cc	OPTIONS	/api/foodata	http://localhost:3000
20241001	19:48:48	a5de3560-6283-48ff-a983-e2e1df6f72ba	POST	/api/foodata	http://localhost:3000
20241001	19:48:48	0992ad5e-349d-4633-bd8f-a80163ae6393	POST	/api/foodata	http://localhost:3000
20241001	19:49:37	0262a37e-b93b-4dd0-9106-0d2bca966713	OPTIONS	/api/foodata	http://localhost:3000
20241001	19:49:37	42f8ea7a-594d-4c64-9a48-4fd900c1b343	OPTIONS	/api/foodata	http://localhost:3000
20241001	19:49:37	c5f45e51-51f4-483e-91af-ef130f7606b0	POST	/api/foodata	http://localhost:3000
20241001	19:49:37	4194c302-36e8-47f1-8828-c8a1d7ee4c2c	POST	/api/foodata	http://localhost:3000
20241001	19:52:25	2babb695-f149-466d-bef1-827fb7600ff1	OPTIONS	/api/foodata	http://localhost:3000
20241001	19:52:25	3a74b2b5-803d-400f-9321-67c7916caebe	OPTIONS	/api/foodata	http://localhost:3000
20241001	19:52:25	ef572f70-591f-4150-ac7b-9d2f6e3bb6a2	POST	/api/foodata	http://localhost:3000
20241001	19:52:25	85980ce3-d593-4ca7-9082-97e39b9caf7f	POST	/api/foodata	http://localhost:3000
20241001	19:53:45	0801e72f-0655-4f82-8a81-efcf796d42f1	OPTIONS	/api/foodata	http://localhost:3000
20241001	19:53:45	e2e1bf26-e224-4683-b562-4d26b7fa8331	OPTIONS	/api/foodata	http://localhost:3000
20241001	19:53:45	7882e5e2-3e8b-48b1-8c08-a3aadc97668f	POST	/api/foodata	http://localhost:3000
20241001	19:53:45	8a631409-682a-45c5-b06d-37963f62d34f	POST	/api/foodata	http://localhost:3000
20241001	20:26:46	955de681-d18f-4d85-98b8-e49ed7d9b4e2	OPTIONS	/api/signup	http://localhost:3000
20241001	20:26:46	6c385b90-981e-4e71-8d6f-39a983243023	POST	/api/signup	http://localhost:3000
20241001	20:26:49	b66bfa91-0579-4e02-90a3-47c5d3945ddf	POST	/api/signup	http://localhost:3000
20241001	20:26:54	a582ed6b-206f-44fb-8b75-2fa427938c6b	OPTIONS	/api/signup	http://localhost:3000
20241001	20:26:54	bfb505fa-0535-4143-ad14-d722f1ac6107	POST	/api/signup	http://localhost:3000
20241001	20:26:55	b7095b68-55ea-4623-bde5-aa47cc74eb34	POST	/api/signup	http://localhost:3000
20241001	20:28:24	75a00cae-98f1-43fd-bff6-3f36ccc62e36	OPTIONS	/api/signup	http://localhost:3000
20241001	20:28:24	cb5ac008-b196-487b-bc18-1141da274671	POST	/api/signup	http://localhost:3000
20241001	20:36:52	959fa5d5-c5c9-4d6e-aba7-331a3134433e	OPTIONS	/api/signup	http://localhost:3000
20241001	20:36:52	cb0285a3-bf12-4032-8596-73db5eb23ba8	POST	/api/signup	http://localhost:3000
20241001	20:37:09	b7a73003-8cb9-41e0-97cd-d8dc6034bfdd	OPTIONS	/api/signup	http://localhost:3000
20241001	20:37:09	a26cff17-11b0-4575-91b9-55ddc8128c1c	POST	/api/signup	http://localhost:3000
20241001	20:38:32	5ca7cc54-60fa-4a36-ab66-6e3144724a4c	POST	/api/signup	undefined
20241001	20:38:54	81b9954c-825f-4728-b2a3-b83cabaee05f	POST	/api/signup	undefined
20241001	20:39:27	e53b7a12-b21f-4863-adbd-1ef49f16d9f2	POST	/api/signup	undefined
20241001	20:40:49	15c7fa84-9795-43b9-aae7-2e636677ce96	POST	/api/signup	undefined
20241001	20:43:25	8f0d93df-d2d8-419b-b7c7-9eabbe2a3ce3	POST	/api/signup	undefined
20241001	20:45:35	23e62bb4-3d6a-4f26-8be8-84fa1913b3b4	POST	/api/signup	undefined
20241001	20:46:54	02d24e9b-0db4-4ecb-91d4-3d61c800e335	POST	/api/signup	undefined
20241001	20:49:05	3494ea07-eff7-4731-8e98-6a946424ddc8	OPTIONS	/api/signup	http://localhost:3000
20241001	20:49:05	b5a3a459-131e-4445-a694-2b2218d6e2d1	POST	/api/signup	http://localhost:3000
20241001	21:06:12	6e40d540-cfbe-4838-8362-50ae0d65c265	OPTIONS	/api/signup	http://localhost:3000
20241001	21:06:12	d9ee1a6e-6f45-4825-b7d5-9b9886a4727d	POST	/api/signup	http://localhost:3000
20241001	21:12:08	b2582e28-e3ad-48c4-b86f-9aa2d969f0d2	POST	/api/login	undefined
20241001	21:12:57	cc97a397-1914-4205-8eb6-712a72ea5ffe	OPTIONS	/api/login	http://localhost:3000
20241001	21:12:57	e4712fe1-b7f1-462a-9f78-a94b46f287e8	POST	/api/login	http://localhost:3000
20241001	21:13:07	0f1ca334-8f12-4734-aa7f-d769c943a757	OPTIONS	/api/login	http://localhost:3000
20241001	21:13:07	59ac5959-d289-4f4a-a2ef-6b0526b260d9	POST	/api/login	http://localhost:3000
20241001	21:13:28	037c7065-f928-4721-897d-594c061fd2df	OPTIONS	/api/login	http://localhost:3000
20241001	21:13:28	8ab03152-01fc-4bcd-99f3-2db2d2c5ec52	POST	/api/login	http://localhost:3000
20241001	21:25:10	47a7e032-038f-4dd7-8f37-510771993e93	OPTIONS	/api/login	http://localhost:3000
20241001	21:25:10	365c620c-6a7b-4405-a16a-fe915cb6e68c	POST	/api/login	http://localhost:3000
20241001	21:26:18	08021f8a-55b6-41cc-80bd-351701e8a1c6	OPTIONS	/api/login	http://localhost:3000
20241001	21:26:18	4addd7ba-55ba-4828-bd2b-de59a0aed6a7	POST	/api/login	http://localhost:3000
20241001	21:27:22	cb5c8ee1-23ad-4869-8705-aa98fd84dddf	POST	/api/login	undefined
20241001	21:27:47	0b9674ba-1e8b-4441-9bc1-e50422f228b0	OPTIONS	/api/login	http://localhost:3000
20241001	21:27:47	9cb3edfd-50ec-4843-acdf-71039e9f89d5	POST	/api/login	http://localhost:3000
20241001	21:27:53	08ff604c-2e45-456c-8f04-f4b8d43d3d63	OPTIONS	/api/login	http://localhost:3000
20241001	21:27:53	07aa27b6-6294-4451-82bb-b98960c9366a	POST	/api/login	http://localhost:3000
20241001	21:56:50	fd4374f6-4798-4256-828a-e3ad3711aac7	OPTIONS	/api/login	http://localhost:3000
20241001	21:56:50	498202b3-34b4-41ab-9205-6c4a7d35cf58	POST	/api/login	http://localhost:3000
20241001	22:03:33	2c549fcd-a9fa-4511-9ed7-56744fb298b4	OPTIONS	/api/login	http://localhost:3000
20241001	22:03:33	3344e527-006b-4f51-8073-0f65f27fcddf	POST	/api/login	http://localhost:3000
20241001	22:03:56	988b9e6a-f4e3-479e-ae1e-5a96c86297bf	OPTIONS	/api/login	http://localhost:3000
20241001	22:03:56	16e5ae72-3d06-400e-94e7-7fe382ba0841	POST	/api/login	http://localhost:3000
20241001	22:05:15	3a5bbbcd-b11a-4e09-a32a-72372922a1c2	OPTIONS	/api/login	http://localhost:3000
20241001	22:05:15	1ee101f0-b16e-4323-a4cf-177c6ba9dcf3	POST	/api/login	http://localhost:3000
20241001	22:10:35	5e786b97-ea9c-4e46-bff7-bd8599c1bdd2	OPTIONS	/api/login	http://localhost:3000
20241001	22:10:35	aace71ae-6b3e-4148-96bd-f287f42d5db0	POST	/api/login	http://localhost:3000
20241001	22:11:26	055911a6-afe7-4890-8e72-e1111578ca98	OPTIONS	/api/login	http://localhost:3000
20241001	22:11:26	a4726ccb-c5d2-4ac6-8ed7-70981a3face1	POST	/api/login	http://localhost:3000
20241014	19:18:37	92f16af4-9334-4dbd-8329-ab571ea1b0c5	OPTIONS	/api/foodata	http://localhost:3000
20241014	19:18:37	e9e47b94-0053-4dfd-b0d3-d829a65e4818	POST	/api/foodata	http://localhost:3000
20241014	19:18:37	98b24a21-e27e-4ba6-9ad0-f5372dbe151f	OPTIONS	/api/foodata	http://localhost:3000
20241014	19:18:37	b072d3e4-5380-4942-be11-fc50526cddff	POST	/api/foodata	http://localhost:3000
20241014	19:27:22	ae96a2b6-5348-4c98-a96b-6ed68957456c	OPTIONS	/api/foodata	http://localhost:3000
20241014	19:27:22	00461574-95f1-4381-be72-94bba9c322a2	OPTIONS	/api/foodata	http://localhost:3000
20241014	19:27:22	ae6b9ecf-7a82-4dec-b6b8-ff6bb1b04571	POST	/api/foodata	http://localhost:3000
20241014	19:27:22	c283344a-54e1-49fc-a598-ba9194fab541	POST	/api/foodata	http://localhost:3000
20241014	19:37:56	7fd6c803-bc1e-4224-9919-65683ff3bc2c	OPTIONS	/api/foodata	http://localhost:3000
20241014	19:37:56	3fb09f13-5f10-4e64-a54f-160a2d121977	POST	/api/foodata	http://localhost:3000
20241014	19:38:07	a28da5b8-f295-433a-9d0d-7e61a96dfc34	OPTIONS	/api/foodata	http://localhost:3000
20241014	19:38:07	3a6cbcdb-4a1d-4233-b03d-14901b6b04ae	POST	/api/foodata	http://localhost:3000
20241014	19:38:14	24d29e33-c6b7-46ee-9176-2578aa367971	OPTIONS	/api/foodata	http://localhost:3000
20241014	19:38:14	db051a5c-bfae-44fb-9190-af0c4372611e	OPTIONS	/api/foodata	http://localhost:3000
20241014	19:38:14	53f74e23-152e-4c13-9b70-aeefcf1c65c1	POST	/api/foodata	http://localhost:3000
20241014	19:38:14	bdc259a3-58bc-4c62-8fb0-1dd0921767ed	POST	/api/foodata	http://localhost:3000
20241014	19:42:31	ea3d732e-0f30-4e9e-bb0e-7935da42026a	OPTIONS	/api/foodata	http://localhost:3000
20241014	19:42:31	55b8d45e-268e-4e62-88cf-fd3cb209e4ca	OPTIONS	/api/foodata	http://localhost:3000
20241014	19:42:31	4564e0f1-85a4-4a60-8246-0e1056021926	POST	/api/foodata	http://localhost:3000
20241014	19:42:31	0a751d8d-76b4-438f-9ef3-e4d36c4df44b	POST	/api/foodata	http://localhost:3000
